tess-two/build/outputs/logs/manifest-merger-debug-report.txt
-- Merging decision tree log ---
manifest
ADDED from ReadingAssistance_TB\tess-two\AndroidManifest.xml:17:1-19:12
INJECTED from ReadingAssistance_TB\tess-two\AndroidManifest.xml:17:1-19:12
INJECTED from ReadingAssistance_TB\tess-two\AndroidManifest.xml:17:1-19:12
INJECTED from ReadingAssistance_TB\tess-two\AndroidManifest.xml:17:1-19:12
INJECTED from ReadingAssistance_TB\tess-two\AndroidManifest.xml:17:1-19:12
INJECTED from ReadingAssistance_TB\tess-two\AndroidManifest.xml:17:1-19:12
INJECTED from ReadingAssistance_TB\tess-two\AndroidManifest.xml:17:1-19:12
	package
		ADDED from ReadingAssistance_TB\tess-two\AndroidManifest.xml:17:11-53
		INJECTED from ReadingAssistance_TB\tess-two\AndroidManifest.xml
		INJECTED from ReadingAssistance_TB\tess-two\AndroidManifest.xml
	android:versionName
		INJECTED from ReadingAssistance_TB\tess-two\AndroidManifest.xml
		ADDED from ReadingAssistance_TB\tess-two\AndroidManifest.xml:17:1-19:12
		INJECTED from ReadingAssistance_TB\tess-two\AndroidManifest.xml
	xmlns:android
		ADDED from ReadingAssistance_TB\tess-two\AndroidManifest.xml:17:1-19:12
	android:versionCode
		INJECTED from ReadingAssistance_TB\tess-two\AndroidManifest.xml
		ADDED from ReadingAssistance_TB\tess-two\AndroidManifest.xml:17:1-19:12
		INJECTED from ReadingAssistance_TB\tess-two\AndroidManifest.xml
uses-sdk
INJECTED from ReadingAssistance_TB\tess-two\AndroidManifest.xml reason: use-sdk injection requested
INJECTED from ReadingAssistance_TB\tess-two\AndroidManifest.xml
INJECTED from ReadingAssistance_TB\tess-two\AndroidManifest.xml
INJECTED from ReadingAssistance_TB\tess-two\AndroidManifest.xml
INJECTED from ReadingAssistance_TB\tess-two\AndroidManifest.xml
	android:targetSdkVersion
		INJECTED from ReadingAssistance_TB\tess-two\AndroidManifest.xml
		ADDED from ReadingAssistance_TB\tess-two\AndroidManifest.xml
		INJECTED from ReadingAssistance_TB\tess-two\AndroidManifest.xml
	android:minSdkVersion
		INJECTED from ReadingAssistance_TB\tess-two\AndroidManifest.xml
		ADDED from ReadingAssistance_TB\tess-two\AndroidManifest.xml
		INJECTED from ReadingAssistance_TB\tess-two\AndroidManifest.xml